<?xml version="1.0" encoding="UTF-8"?>
<testsuites name="Cura_TestSuiteLogin_001" time="15.872" tests="1" failures="0" errors="0">
   <testsuite name="Cura_TestSuiteLogin_001" tests="1" failures="0" errors="0" time="15.872" skipped="0" timestamp="17-01-2024T21:12:55" hostname="ANTHONY DASS - DESKTOP-TGAH3CK" id="Test Suites/CURA_TestSuites/Cura_TestSuiteLogin_001">
      <properties>
         <property name="deviceName" value=""/>
         <property name="devicePlatform" value=""/>
         <property name="logFolder" value="C:\\Users\\ANTHONY DASS\\git\\SI-GuidedProject-705151-1705408479\\Reports\\20240117_211250\\CURA_TestSuites\\Cura_TestSuiteLogin_001\\20240117_211250"/>
         <property name="logFiles" value="C:\\Users\\ANTHONY DASS\\git\\SI-GuidedProject-705151-1705408479\\Reports\\20240117_211250\\CURA_TestSuites\\Cura_TestSuiteLogin_001\\20240117_211250\\execution0.log"/>
         <property name="attachments" value=""/>
         <property name="hostName" value="ANTHONY DASS - DESKTOP-TGAH3CK"/>
         <property name="os" value="Windows 11 64bit"/>
         <property name="katalonVersion" value="9.2.0.212"/>
         <property name="browser" value="Chrome 120.0.0.0"/>
         <property name="hostAddress" value="192.168.1.6"/>
         <property name="sessionId" value="1a84773bbefd095d2b2319f1262c3744"/>
         <property name="seleniumVersion" value="3.141.59"/>
         <property name="proxyInformation" value="ProxyInformation { proxyOption=NO_PROXY, proxyServerType=HTTP, username=, password=********, proxyServerAddress=, proxyServerPort=0, executionList=&quot;&quot;, isApplyToDesiredCapabilities=true }"/>
         <property name="platform" value="Windows 11"/>
      </properties>
      <testcase name="Test Cases/Login/TC_CURA_Login_001" time="10.28" classname="Test Cases/Login/TC_CURA_Login_001" status="PASSED">
         <system-out><![CDATA[17-01-2024T21:13:00 - [TEST_CASE][PASSED] - Test Cases/Login/TC_CURA_Login_001: Test Cases/Login/TC_CURA_Login_001

17-01-2024T21:13:00 - [TEST_STEP][PASSED] - Start listener action : beforeTestCase: null

17-01-2024T21:13:00 - [TEST_STEP][PASSED] - Start setup action : setupTestCase: Method 'setupTestCase' complete successfully

17-01-2024T21:13:00 - [MESSAGE][PASSED] - Method 'setupTestCase' complete successfully

17-01-2024T21:13:00 - [TEST_STEP][PASSED] - openBrowser(""): Browser is opened with url: ''

17-01-2024T21:13:00 - [MESSAGE][WARNING] - A browser is already opened. Closing browser and opening a new one

17-01-2024T21:13:01 - [MESSAGE][INFO] - Starting 'Chrome' driver

17-01-2024T21:13:01 - [MESSAGE][INFO] - Action delay is set to 0 milliseconds

17-01-2024T21:13:02 - [MESSAGE][PASSED] - Browser is opened with url: ''

17-01-2024T21:13:02 - [TEST_STEP][PASSED] - navigateToUrl("https://katalon-demo-cura.herokuapp.com/"): Navigate to 'https://katalon-demo-cura.herokuapp.com/' successfully

17-01-2024T21:13:07 - [MESSAGE][PASSED] - Navigate to 'https://katalon-demo-cura.herokuapp.com/' successfully

17-01-2024T21:13:07 - [TEST_STEP][PASSED] - click(findTestObject("Object Repository/Cura Pages/CuraPage_Login_OR/Page_CURA Healthcare Service/i_fa fa-bars")): Object: 'Object Repository/Cura Pages/CuraPage_Login_OR/Page_CURA Healthcare Service/i_fa fa-bars' is clicked on

17-01-2024T21:13:07 - [MESSAGE][PASSED] - Object: 'Object Repository/Cura Pages/CuraPage_Login_OR/Page_CURA Healthcare Service/i_fa fa-bars' is clicked on

17-01-2024T21:13:07 - [TEST_STEP][PASSED] - click(findTestObject("Object Repository/Cura Pages/CuraPage_Login_OR/Page_CURA Healthcare Service/a_Login")): Object: 'Object Repository/Cura Pages/CuraPage_Login_OR/Page_CURA Healthcare Service/a_Login' is clicked on

17-01-2024T21:13:08 - [MESSAGE][PASSED] - Object: 'Object Repository/Cura Pages/CuraPage_Login_OR/Page_CURA Healthcare Service/a_Login' is clicked on

17-01-2024T21:13:08 - [TEST_STEP][PASSED] - setText(findTestObject("Object Repository/Cura Pages/CuraPage_Login_OR/Page_CURA Healthcare Service/input_username"), "John Doe"): Text 'John Doe' is set on object 'Object Repository/Cura Pages/CuraPage_Login_OR/Page_CURA Healthcare Service/input_username'

17-01-2024T21:13:09 - [MESSAGE][PASSED] - Text 'John Doe' is set on object 'Object Repository/Cura Pages/CuraPage_Login_OR/Page_CURA Healthcare Service/input_username'

17-01-2024T21:13:09 - [TEST_STEP][PASSED] - setEncryptedText(findTestObject("Object Repository/Cura Pages/CuraPage_Login_OR/Page_CURA Healthcare Service/input_password"), "g3/DOGG74jC3Flrr3yH+3D/yKbOqqUNM"): Text ****** has been set on object 'Object Repository/Cura Pages/CuraPage_Login_OR/Page_CURA Healthcare Service/input_password'

17-01-2024T21:13:09 - [MESSAGE][PASSED] - Text ****** has been set on object 'Object Repository/Cura Pages/CuraPage_Login_OR/Page_CURA Healthcare Service/input_password'

17-01-2024T21:13:09 - [TEST_STEP][PASSED] - click(findTestObject("Object Repository/Cura Pages/CuraPage_Login_OR/Page_CURA Healthcare Service/button_Login")): Object: 'Object Repository/Cura Pages/CuraPage_Login_OR/Page_CURA Healthcare Service/button_Login' is clicked on

17-01-2024T21:13:10 - [MESSAGE][PASSED] - Object: 'Object Repository/Cura Pages/CuraPage_Login_OR/Page_CURA Healthcare Service/button_Login' is clicked on

17-01-2024T21:13:10 - [TEST_STEP][PASSED] - closeBrowser(): Browser is closed

17-01-2024T21:13:11 - [MESSAGE][PASSED] - Browser is closed

17-01-2024T21:13:11 - [TEST_STEP][PASSED] - Start tear down : tearDownTestCase: Method 'tearDownTestCase' complete successfully

17-01-2024T21:13:11 - [MESSAGE][PASSED] - Method 'tearDownTestCase' complete successfully

17-01-2024T21:13:11 - [TEST_STEP][PASSED] - Start listener action : afterTestCase: null]]></system-out>
         <system-err><![CDATA[]]></system-err>
      </testcase>
      <system-out><![CDATA[17-01-2024T21:12:55 - [TEST_SUITE][PASSED] - Cura_TestSuiteLogin_001: Test Cases/Login/TC_CURA_Login_001]]></system-out>
      <system-err><![CDATA[]]></system-err>
   </testsuite>
</testsuites>
