<?xml version="1.0" encoding="UTF-8"?>
<testsuites name="CURA_TestSuites" time="35.39" tests="1" failures="0" errors="0">
   <testsuite name="CURA_TestSuites" tests="1" failures="0" errors="0" time="35.39" skipped="0" timestamp="16-01-2024T20:05:06" hostname="ANTHONY DASS - DESKTOP-TGAH3CK" id="Test Suites/CURA_TestSuites">
      <properties>
         <property name="deviceName" value=""/>
         <property name="devicePlatform" value=""/>
         <property name="logFolder" value="C:\\Users\\ANTHONY DASS\\Katalon Studio\\SmartInternz\\Reports\\20240116_200500\\CURA_TestSuites\\20240116_200501"/>
         <property name="logFiles" value="C:\\Users\\ANTHONY DASS\\Katalon Studio\\SmartInternz\\Reports\\20240116_200500\\CURA_TestSuites\\20240116_200501\\execution0.log"/>
         <property name="attachments" value=""/>
         <property name="hostName" value="ANTHONY DASS - DESKTOP-TGAH3CK"/>
         <property name="os" value="Windows 11 64bit"/>
         <property name="katalonVersion" value="9.2.0.212"/>
         <property name="browser" value="Firefox 95.0"/>
         <property name="hostAddress" value="192.168.1.6"/>
         <property name="sessionId" value="c5a4b2ac-3dc5-47dd-bbe4-8a68360090d2"/>
         <property name="seleniumVersion" value="3.141.59"/>
         <property name="proxyInformation" value="ProxyInformation { proxyOption=NO_PROXY, proxyServerType=HTTP, username=, password=********, proxyServerAddress=, proxyServerPort=0, executionList=&quot;&quot;, isApplyToDesiredCapabilities=true }"/>
         <property name="platform" value="Windows 11"/>
      </properties>
      <testcase name="Test Cases/Login/TC_CURA_Login_001" time="35.25" classname="Test Cases/Login/TC_CURA_Login_001" status="PASSED">
         <system-out><![CDATA[16-01-2024T20:05:07 - [TEST_CASE][PASSED] - Test Cases/Login/TC_CURA_Login_001: Test Cases/Login/TC_CURA_Login_001

16-01-2024T20:05:07 - [TEST_STEP][PASSED] - openBrowser(""): Browser is opened with url: ''

16-01-2024T20:05:07 - [MESSAGE][INFO] - Starting 'Firefox' driver

16-01-2024T20:05:07 - [MESSAGE][INFO] - Action delay is set to 0 milliseconds

16-01-2024T20:05:25 - [MESSAGE][PASSED] - Browser is opened with url: ''

16-01-2024T20:05:25 - [TEST_STEP][PASSED] - navigateToUrl("https://katalon-demo-cura.herokuapp.com/"): Navigate to 'https://katalon-demo-cura.herokuapp.com/' successfully

16-01-2024T20:05:29 - [MESSAGE][PASSED] - Navigate to 'https://katalon-demo-cura.herokuapp.com/' successfully

16-01-2024T20:05:29 - [TEST_STEP][PASSED] - click(findTestObject("Object Repository/Cura Pages/CuraPage_Login_OR/Page_CURA Healthcare Service/i_fa fa-bars")): Object: 'Object Repository/Cura Pages/CuraPage_Login_OR/Page_CURA Healthcare Service/i_fa fa-bars' is clicked on

16-01-2024T20:05:31 - [MESSAGE][PASSED] - Object: 'Object Repository/Cura Pages/CuraPage_Login_OR/Page_CURA Healthcare Service/i_fa fa-bars' is clicked on

16-01-2024T20:05:31 - [TEST_STEP][PASSED] - click(findTestObject("Object Repository/Cura Pages/CuraPage_Login_OR/Page_CURA Healthcare Service/a_Login")): Object: 'Object Repository/Cura Pages/CuraPage_Login_OR/Page_CURA Healthcare Service/a_Login' is clicked on

16-01-2024T20:05:33 - [MESSAGE][PASSED] - Object: 'Object Repository/Cura Pages/CuraPage_Login_OR/Page_CURA Healthcare Service/a_Login' is clicked on

16-01-2024T20:05:33 - [TEST_STEP][PASSED] - setText(findTestObject("Object Repository/Cura Pages/CuraPage_Login_OR/Page_CURA Healthcare Service/input_username"), "John Doe"): Text 'John Doe' is set on object 'Object Repository/Cura Pages/CuraPage_Login_OR/Page_CURA Healthcare Service/input_username'

16-01-2024T20:05:35 - [MESSAGE][PASSED] - Text 'John Doe' is set on object 'Object Repository/Cura Pages/CuraPage_Login_OR/Page_CURA Healthcare Service/input_username'

16-01-2024T20:05:35 - [TEST_STEP][PASSED] - setEncryptedText(findTestObject("Object Repository/Cura Pages/CuraPage_Login_OR/Page_CURA Healthcare Service/input_password"), "g3/DOGG74jC3Flrr3yH+3D/yKbOqqUNM"): Text ****** has been set on object 'Object Repository/Cura Pages/CuraPage_Login_OR/Page_CURA Healthcare Service/input_password'

16-01-2024T20:05:36 - [MESSAGE][PASSED] - Text ****** has been set on object 'Object Repository/Cura Pages/CuraPage_Login_OR/Page_CURA Healthcare Service/input_password'

16-01-2024T20:05:36 - [TEST_STEP][PASSED] - click(findTestObject("Object Repository/Cura Pages/CuraPage_Login_OR/Page_CURA Healthcare Service/button_Login")): Object: 'Object Repository/Cura Pages/CuraPage_Login_OR/Page_CURA Healthcare Service/button_Login' is clicked on

16-01-2024T20:05:38 - [MESSAGE][PASSED] - Object: 'Object Repository/Cura Pages/CuraPage_Login_OR/Page_CURA Healthcare Service/button_Login' is clicked on

16-01-2024T20:05:38 - [TEST_STEP][PASSED] - closeBrowser(): Browser is closed

16-01-2024T20:05:42 - [MESSAGE][PASSED] - Browser is closed]]></system-out>
         <system-err><![CDATA[]]></system-err>
      </testcase>
      <system-out><![CDATA[16-01-2024T20:05:06 - [TEST_SUITE][PASSED] - CURA_TestSuites: Test Cases/Login/TC_CURA_Login_001]]></system-out>
      <system-err><![CDATA[]]></system-err>
   </testsuite>
</testsuites>
