<?xml version="1.0" encoding="UTF-8"?>
<testsuites name="Cura_TestSuiteLogin_001" time="26.645" tests="1" failures="0" errors="0">
   <testsuite name="Cura_TestSuiteLogin_001" tests="1" failures="0" errors="0" time="26.645" skipped="0" timestamp="16-01-2024T22:44:19" hostname="ANTHONY DASS - DESKTOP-TGAH3CK" id="Test Suites/CURA_TestSuites/Cura_TestSuiteLogin_001">
      <properties>
         <property name="deviceName" value=""/>
         <property name="devicePlatform" value=""/>
         <property name="logFolder" value="C:\\Users\\ANTHONY DASS\\Katalon Studio\\SmartInternz\\Reports\\20240116_224409\\CURA_TestSuites\\Cura_TestSuiteLogin_001\\20240116_224410"/>
         <property name="logFiles" value="C:\\Users\\ANTHONY DASS\\Katalon Studio\\SmartInternz\\Reports\\20240116_224409\\CURA_TestSuites\\Cura_TestSuiteLogin_001\\20240116_224410\\execution0.log"/>
         <property name="attachments" value=""/>
         <property name="hostName" value="ANTHONY DASS - DESKTOP-TGAH3CK"/>
         <property name="os" value="Windows 11 64bit"/>
         <property name="katalonVersion" value="9.2.0.212"/>
         <property name="browser" value="Chrome 120.0.0.0"/>
         <property name="hostAddress" value="192.168.1.6"/>
         <property name="sessionId" value="cc0f2c4493b5fea036011473b5675f74"/>
         <property name="seleniumVersion" value="3.141.59"/>
         <property name="proxyInformation" value="ProxyInformation { proxyOption=NO_PROXY, proxyServerType=HTTP, username=, password=********, proxyServerAddress=, proxyServerPort=0, executionList=&quot;&quot;, isApplyToDesiredCapabilities=true }"/>
         <property name="platform" value="Windows 11"/>
      </properties>
      <testcase name="Test Cases/Login/TC_CURA_Login_001" time="19.895" classname="Test Cases/Login/TC_CURA_Login_001" status="PASSED">
         <system-out><![CDATA[16-01-2024T22:44:26 - [TEST_CASE][PASSED] - Test Cases/Login/TC_CURA_Login_001: Test Cases/Login/TC_CURA_Login_001

16-01-2024T22:44:26 - [TEST_STEP][PASSED] - Start listener action : beforeTestCase: null

16-01-2024T22:44:26 - [TEST_STEP][PASSED] - Start setup action : setupTestCase: Method 'setupTestCase' complete successfully

16-01-2024T22:44:26 - [MESSAGE][PASSED] - Method 'setupTestCase' complete successfully

16-01-2024T22:44:26 - [TEST_STEP][PASSED] - openBrowser(""): Browser is opened with url: ''

16-01-2024T22:44:26 - [MESSAGE][WARNING] - A browser is already opened. Closing browser and opening a new one

16-01-2024T22:44:27 - [MESSAGE][INFO] - Starting 'Chrome' driver

16-01-2024T22:44:27 - [MESSAGE][INFO] - Action delay is set to 0 milliseconds

16-01-2024T22:44:30 - [MESSAGE][PASSED] - Browser is opened with url: ''

16-01-2024T22:44:30 - [TEST_STEP][PASSED] - navigateToUrl("https://katalon-demo-cura.herokuapp.com/"): Navigate to 'https://katalon-demo-cura.herokuapp.com/' successfully

16-01-2024T22:44:35 - [MESSAGE][PASSED] - Navigate to 'https://katalon-demo-cura.herokuapp.com/' successfully

16-01-2024T22:44:35 - [TEST_STEP][PASSED] - click(findTestObject("Object Repository/Cura Pages/CuraPage_Login_OR/Page_CURA Healthcare Service/i_fa fa-bars")): Object: 'Object Repository/Cura Pages/CuraPage_Login_OR/Page_CURA Healthcare Service/i_fa fa-bars' is clicked on

16-01-2024T22:44:35 - [MESSAGE][PASSED] - Object: 'Object Repository/Cura Pages/CuraPage_Login_OR/Page_CURA Healthcare Service/i_fa fa-bars' is clicked on

16-01-2024T22:44:35 - [TEST_STEP][PASSED] - click(findTestObject("Object Repository/Cura Pages/CuraPage_Login_OR/Page_CURA Healthcare Service/a_Login")): Object: 'Object Repository/Cura Pages/CuraPage_Login_OR/Page_CURA Healthcare Service/a_Login' is clicked on

16-01-2024T22:44:37 - [MESSAGE][PASSED] - Object: 'Object Repository/Cura Pages/CuraPage_Login_OR/Page_CURA Healthcare Service/a_Login' is clicked on

16-01-2024T22:44:37 - [TEST_STEP][PASSED] - setText(findTestObject("Object Repository/Cura Pages/CuraPage_Login_OR/Page_CURA Healthcare Service/input_username"), "John Doe"): Text 'John Doe' is set on object 'Object Repository/Cura Pages/CuraPage_Login_OR/Page_CURA Healthcare Service/input_username'

16-01-2024T22:44:39 - [MESSAGE][PASSED] - Text 'John Doe' is set on object 'Object Repository/Cura Pages/CuraPage_Login_OR/Page_CURA Healthcare Service/input_username'

16-01-2024T22:44:39 - [TEST_STEP][PASSED] - setEncryptedText(findTestObject("Object Repository/Cura Pages/CuraPage_Login_OR/Page_CURA Healthcare Service/input_password"), "g3/DOGG74jC3Flrr3yH+3D/yKbOqqUNM"): Text ****** has been set on object 'Object Repository/Cura Pages/CuraPage_Login_OR/Page_CURA Healthcare Service/input_password'

16-01-2024T22:44:40 - [MESSAGE][PASSED] - Text ****** has been set on object 'Object Repository/Cura Pages/CuraPage_Login_OR/Page_CURA Healthcare Service/input_password'

16-01-2024T22:44:40 - [TEST_STEP][PASSED] - click(findTestObject("Object Repository/Cura Pages/CuraPage_Login_OR/Page_CURA Healthcare Service/button_Login")): Object: 'Object Repository/Cura Pages/CuraPage_Login_OR/Page_CURA Healthcare Service/button_Login' is clicked on

16-01-2024T22:44:41 - [MESSAGE][PASSED] - Object: 'Object Repository/Cura Pages/CuraPage_Login_OR/Page_CURA Healthcare Service/button_Login' is clicked on

16-01-2024T22:44:41 - [TEST_STEP][PASSED] - closeBrowser(): Browser is closed

16-01-2024T22:44:46 - [MESSAGE][PASSED] - Browser is closed

16-01-2024T22:44:46 - [TEST_STEP][PASSED] - Start tear down : tearDownTestCase: Method 'tearDownTestCase' complete successfully

16-01-2024T22:44:46 - [MESSAGE][PASSED] - Method 'tearDownTestCase' complete successfully

16-01-2024T22:44:46 - [TEST_STEP][PASSED] - Start listener action : afterTestCase: null]]></system-out>
         <system-err><![CDATA[]]></system-err>
      </testcase>
      <system-out><![CDATA[16-01-2024T22:44:19 - [TEST_SUITE][PASSED] - Cura_TestSuiteLogin_001: Test Cases/Login/TC_CURA_Login_001]]></system-out>
      <system-err><![CDATA[]]></system-err>
   </testsuite>
</testsuites>
