<?xml version="1.0" encoding="UTF-8"?>
<testsuites name="Cura_TestSuite_MakeAppointment_002" time="72.38" tests="1" failures="0" errors="0">
   <testsuite name="Cura_TestSuite_MakeAppointment_002" tests="1" failures="0" errors="0" time="72.38" skipped="0" timestamp="16-01-2024T22:44:23" hostname="ANTHONY DASS - DESKTOP-TGAH3CK" id="Test Suites/CURA_TestSuites/Cura_TestSuite_MakeAppointment_002">
      <properties>
         <property name="deviceName" value=""/>
         <property name="devicePlatform" value=""/>
         <property name="logFolder" value="C:\\Users\\ANTHONY DASS\\Katalon Studio\\SmartInternz\\Reports\\20240116_224409\\CURA_TestSuites\\Cura_TestSuite_MakeAppointment_002\\20240116_224412"/>
         <property name="logFiles" value="C:\\Users\\ANTHONY DASS\\Katalon Studio\\SmartInternz\\Reports\\20240116_224409\\CURA_TestSuites\\Cura_TestSuite_MakeAppointment_002\\20240116_224412\\execution0.log"/>
         <property name="attachments" value=""/>
         <property name="hostName" value="ANTHONY DASS - DESKTOP-TGAH3CK"/>
         <property name="os" value="Windows 11 64bit"/>
         <property name="katalonVersion" value="9.2.0.212"/>
         <property name="browser" value="Firefox 95.0"/>
         <property name="hostAddress" value="192.168.1.6"/>
         <property name="sessionId" value="bdbfaf0f-d1b0-4a47-8886-3516a18040b9"/>
         <property name="seleniumVersion" value="3.141.59"/>
         <property name="proxyInformation" value="ProxyInformation { proxyOption=NO_PROXY, proxyServerType=HTTP, username=, password=********, proxyServerAddress=, proxyServerPort=0, executionList=&quot;&quot;, isApplyToDesiredCapabilities=true }"/>
         <property name="platform" value="Windows 11"/>
      </properties>
      <testcase name="Test Cases/MakeAppointment/TC_CURA MakeAppointmentvalidation 002" time="25.814" classname="Test Cases/MakeAppointment/TC_CURA MakeAppointmentvalidation 002" status="PASSED">
         <system-out><![CDATA[16-01-2024T22:45:09 - [TEST_CASE][PASSED] - Test Cases/MakeAppointment/TC_CURA MakeAppointmentvalidation 002: Test Cases/MakeAppointment/TC_CURA MakeAppointmentvalidation 002

16-01-2024T22:45:09 - [TEST_STEP][PASSED] - Start listener action : beforeTestCase: null

16-01-2024T22:45:09 - [TEST_STEP][PASSED] - Start setup action : setupTestCase: Method 'setupTestCase' complete successfully

16-01-2024T22:45:09 - [MESSAGE][PASSED] - Method 'setupTestCase' complete successfully

16-01-2024T22:45:09 - [TEST_STEP][PASSED] - openBrowser(""): Browser is opened with url: ''

16-01-2024T22:45:09 - [MESSAGE][WARNING] - A browser is already opened. Closing browser and opening a new one

16-01-2024T22:45:13 - [MESSAGE][INFO] - Starting 'Firefox' driver

16-01-2024T22:45:13 - [MESSAGE][INFO] - Action delay is set to 0 milliseconds

16-01-2024T22:45:17 - [MESSAGE][PASSED] - Browser is opened with url: ''

16-01-2024T22:45:17 - [TEST_STEP][PASSED] - navigateToUrl("https://katalon-demo-cura.herokuapp.com/"): Navigate to 'https://katalon-demo-cura.herokuapp.com/' successfully

16-01-2024T22:45:21 - [MESSAGE][PASSED] - Navigate to 'https://katalon-demo-cura.herokuapp.com/' successfully

16-01-2024T22:45:21 - [TEST_STEP][PASSED] - click(findTestObject("Object Repository/Cura Pages/CuraPage MakeAppointmentValidation OR/Page_CURA Healthcare Service/a_Make Appointment")): Object: 'Object Repository/Cura Pages/CuraPage MakeAppointmentValidation OR/Page_CURA Healthcare Service/a_Make Appointment' is clicked on

16-01-2024T22:45:24 - [MESSAGE][PASSED] - Object: 'Object Repository/Cura Pages/CuraPage MakeAppointmentValidation OR/Page_CURA Healthcare Service/a_Make Appointment' is clicked on

16-01-2024T22:45:24 - [TEST_STEP][PASSED] - setText(findTestObject("Object Repository/Cura Pages/CuraPage MakeAppointmentValidation OR/Page_CURA Healthcare Service/input_username"), "John Doe"): Text 'John Doe' is set on object 'Object Repository/Cura Pages/CuraPage MakeAppointmentValidation OR/Page_CURA Healthcare Service/input_username'

16-01-2024T22:45:25 - [MESSAGE][PASSED] - Text 'John Doe' is set on object 'Object Repository/Cura Pages/CuraPage MakeAppointmentValidation OR/Page_CURA Healthcare Service/input_username'

16-01-2024T22:45:25 - [TEST_STEP][PASSED] - setEncryptedText(findTestObject("Object Repository/Cura Pages/CuraPage MakeAppointmentValidation OR/Page_CURA Healthcare Service/input_password"), "g3/DOGG74jC3Flrr3yH+3D/yKbOqqUNM"): Text ****** has been set on object 'Object Repository/Cura Pages/CuraPage MakeAppointmentValidation OR/Page_CURA Healthcare Service/input_password'

16-01-2024T22:45:27 - [MESSAGE][PASSED] - Text ****** has been set on object 'Object Repository/Cura Pages/CuraPage MakeAppointmentValidation OR/Page_CURA Healthcare Service/input_password'

16-01-2024T22:45:27 - [TEST_STEP][PASSED] - click(findTestObject("Object Repository/Cura Pages/CuraPage MakeAppointmentValidation OR/Page_CURA Healthcare Service/button_Login")): Object: 'Object Repository/Cura Pages/CuraPage MakeAppointmentValidation OR/Page_CURA Healthcare Service/button_Login' is clicked on

16-01-2024T22:45:28 - [MESSAGE][PASSED] - Object: 'Object Repository/Cura Pages/CuraPage MakeAppointmentValidation OR/Page_CURA Healthcare Service/button_Login' is clicked on

16-01-2024T22:45:28 - [TEST_STEP][PASSED] - verifyElementPresent(findTestObject("Dropdown/select_Tokyo CURA Healthcare Center                            Hongkong CURA Healthcare Center                            Seoul CURA Healthcare Center"), 10): Object 'Object Repository/Dropdown/select_Tokyo CURA Healthcare Center                            Hongkong CURA Healthcare Center                            Seoul CURA Healthcare Center' is present

16-01-2024T22:45:29 - [MESSAGE][PASSED] - Object 'Object Repository/Dropdown/select_Tokyo CURA Healthcare Center                            Hongkong CURA Healthcare Center                            Seoul CURA Healthcare Center' is present

16-01-2024T22:45:29 - [TEST_STEP][PASSED] - delay(2): Delayed 2 second(s)

16-01-2024T22:45:31 - [MESSAGE][PASSED] - Delayed 2 second(s)

16-01-2024T22:45:31 - [TEST_STEP][PASSED] - verifyElementPresent(findTestObject("radiobutton/input_Medicaid_programs"), 10): Object 'Object Repository/radiobutton/input_Medicaid_programs' is present

16-01-2024T22:45:32 - [MESSAGE][PASSED] - Object 'Object Repository/radiobutton/input_Medicaid_programs' is present

16-01-2024T22:45:32 - [TEST_STEP][PASSED] - isRadioButtonNotChecked = verifyElementNotChecked(findTestObject("radiobutton/input_Medicaid_programs"), 10): Object 'Object Repository/radiobutton/input_Medicaid_programs' is not checked

16-01-2024T22:45:32 - [MESSAGE][PASSED] - Object 'Object Repository/radiobutton/input_Medicaid_programs' is not checked

16-01-2024T22:45:32 - [TEST_STEP][PASSED] - if (isRadioButtonNotChecked): null

16-01-2024T22:45:32 - [TEST_STEP][PASSED] - println("Radio button is not checked"): null

16-01-2024T22:45:32 - [TEST_STEP][PASSED] - check(findTestObject("radiobutton/input_Medicaid_programs")): Object 'Object Repository/radiobutton/input_Medicaid_programs' is checked

16-01-2024T22:45:33 - [MESSAGE][PASSED] - Object 'Object Repository/radiobutton/input_Medicaid_programs' is checked

16-01-2024T22:45:33 - [TEST_STEP][PASSED] - println("Radio button checked"): null

16-01-2024T22:45:33 - [TEST_STEP][PASSED] - isRadioButtonChecked = verifyElementChecked(findTestObject("radiobutton/input_Medicaid_programs"), 0): Object 'Object Repository/radiobutton/input_Medicaid_programs' is checked

16-01-2024T22:45:33 - [MESSAGE][WARNING] - Timeout '0' is invalid. Using default page load timeout: '30'

16-01-2024T22:45:33 - [MESSAGE][PASSED] - Object 'Object Repository/radiobutton/input_Medicaid_programs' is checked

16-01-2024T22:45:33 - [TEST_STEP][PASSED] - if (isRadioButtonChecked): null

16-01-2024T22:45:33 - [TEST_STEP][PASSED] - uncheck(findTestObject("radiobutton/input_Medicaid_programs")): Object 'Object Repository/radiobutton/input_Medicaid_programs' is un-checked

16-01-2024T22:45:34 - [MESSAGE][PASSED] - Object 'Object Repository/radiobutton/input_Medicaid_programs' is un-checked

16-01-2024T22:45:34 - [TEST_STEP][PASSED] - println("Radio button was checked. Unchecking it."): null

16-01-2024T22:45:34 - [TEST_STEP][PASSED] - closeBrowser(): Browser is closed

16-01-2024T22:45:35 - [MESSAGE][PASSED] - Browser is closed

16-01-2024T22:45:35 - [TEST_STEP][PASSED] - Start tear down : tearDownTestCase: Method 'tearDownTestCase' complete successfully

16-01-2024T22:45:35 - [MESSAGE][PASSED] - Method 'tearDownTestCase' complete successfully

16-01-2024T22:45:35 - [TEST_STEP][PASSED] - Start listener action : afterTestCase: null]]></system-out>
         <system-err><![CDATA[]]></system-err>
      </testcase>
      <system-out><![CDATA[16-01-2024T22:44:23 - [TEST_SUITE][PASSED] - Cura_TestSuite_MakeAppointment_002: Test Cases/MakeAppointment/TC_CURA MakeAppointmentvalidation 002]]></system-out>
      <system-err><![CDATA[]]></system-err>
   </testsuite>
</testsuites>
