<?xml version="1.0" encoding="UTF-8"?>
<testsuites name="Cura_TestSuite_MakeAppointment_002" time="76.979" tests="1" failures="0" errors="0">
   <testsuite name="Cura_TestSuite_MakeAppointment_002" tests="1" failures="0" errors="0" time="76.979" skipped="0" timestamp="17-01-2024T16:49:05" hostname="ANTHONY DASS - DESKTOP-TGAH3CK" id="Test Suites/CURA_TestSuites/Cura_TestSuite_MakeAppointment_002">
      <properties>
         <property name="deviceName" value=""/>
         <property name="devicePlatform" value=""/>
         <property name="logFolder" value="C:\\Users\\ANTHONY DASS\\git\\SI-GuidedProject-705151-1705408479\\Reports\\20240117_164848\\CURA_TestSuites\\Cura_TestSuite_MakeAppointment_002\\20240117_164857"/>
         <property name="logFiles" value="C:\\Users\\ANTHONY DASS\\git\\SI-GuidedProject-705151-1705408479\\Reports\\20240117_164848\\CURA_TestSuites\\Cura_TestSuite_MakeAppointment_002\\20240117_164857\\execution0.log"/>
         <property name="attachments" value=""/>
         <property name="hostName" value="ANTHONY DASS - DESKTOP-TGAH3CK"/>
         <property name="os" value="Windows 11 64bit"/>
         <property name="katalonVersion" value="9.2.0.212"/>
         <property name="browser" value="Chrome 120.0.0.0"/>
         <property name="hostAddress" value="192.168.1.6"/>
         <property name="sessionId" value="9aa7f706b4e900786a77ac6b7040097f"/>
         <property name="seleniumVersion" value="3.141.59"/>
         <property name="proxyInformation" value="ProxyInformation { proxyOption=NO_PROXY, proxyServerType=HTTP, username=, password=********, proxyServerAddress=, proxyServerPort=0, executionList=&quot;&quot;, isApplyToDesiredCapabilities=true }"/>
         <property name="platform" value="Windows 11"/>
      </properties>
      <testcase name="Test Cases/MakeAppointment/TC_CURA MakeAppointmentvalidation 002" time="47.222" classname="Test Cases/MakeAppointment/TC_CURA MakeAppointmentvalidation 002" status="PASSED">
         <system-out><![CDATA[17-01-2024T16:49:35 - [TEST_CASE][PASSED] - Test Cases/MakeAppointment/TC_CURA MakeAppointmentvalidation 002: Test Cases/MakeAppointment/TC_CURA MakeAppointmentvalidation 002

17-01-2024T16:49:36 - [TEST_STEP][PASSED] - Start listener action : beforeTestCase: null

17-01-2024T16:49:36 - [TEST_STEP][PASSED] - Start setup action : setupTestCase: Method 'setupTestCase' complete successfully

17-01-2024T16:49:36 - [MESSAGE][PASSED] - Method 'setupTestCase' complete successfully

17-01-2024T16:49:36 - [TEST_STEP][PASSED] - openBrowser(""): Browser is opened with url: ''

17-01-2024T16:49:36 - [MESSAGE][WARNING] - A browser is already opened. Closing browser and opening a new one

17-01-2024T16:49:37 - [MESSAGE][INFO] - Starting 'Chrome' driver

17-01-2024T16:49:37 - [MESSAGE][INFO] - Action delay is set to 0 milliseconds

17-01-2024T16:49:41 - [MESSAGE][PASSED] - Browser is opened with url: ''

17-01-2024T16:49:41 - [TEST_STEP][PASSED] - navigateToUrl("https://katalon-demo-cura.herokuapp.com/"): Navigate to 'https://katalon-demo-cura.herokuapp.com/' successfully

17-01-2024T16:49:52 - [MESSAGE][PASSED] - Navigate to 'https://katalon-demo-cura.herokuapp.com/' successfully

17-01-2024T16:49:52 - [TEST_STEP][PASSED] - click(findTestObject("Object Repository/Cura Pages/CuraPage MakeAppointmentValidation OR/Page_CURA Healthcare Service/a_Make Appointment")): Object: 'Object Repository/Cura Pages/CuraPage MakeAppointmentValidation OR/Page_CURA Healthcare Service/a_Make Appointment' is clicked on

17-01-2024T16:49:54 - [MESSAGE][PASSED] - Object: 'Object Repository/Cura Pages/CuraPage MakeAppointmentValidation OR/Page_CURA Healthcare Service/a_Make Appointment' is clicked on

17-01-2024T16:49:54 - [TEST_STEP][PASSED] - setText(findTestObject("Object Repository/Cura Pages/CuraPage MakeAppointmentValidation OR/Page_CURA Healthcare Service/input_username"), "John Doe"): Text 'John Doe' is set on object 'Object Repository/Cura Pages/CuraPage MakeAppointmentValidation OR/Page_CURA Healthcare Service/input_username'

17-01-2024T16:49:55 - [MESSAGE][PASSED] - Text 'John Doe' is set on object 'Object Repository/Cura Pages/CuraPage MakeAppointmentValidation OR/Page_CURA Healthcare Service/input_username'

17-01-2024T16:49:55 - [TEST_STEP][PASSED] - setEncryptedText(findTestObject("Object Repository/Cura Pages/CuraPage MakeAppointmentValidation OR/Page_CURA Healthcare Service/input_password"), "g3/DOGG74jC3Flrr3yH+3D/yKbOqqUNM"): Text ****** has been set on object 'Object Repository/Cura Pages/CuraPage MakeAppointmentValidation OR/Page_CURA Healthcare Service/input_password'

17-01-2024T16:49:59 - [MESSAGE][PASSED] - Text ****** has been set on object 'Object Repository/Cura Pages/CuraPage MakeAppointmentValidation OR/Page_CURA Healthcare Service/input_password'

17-01-2024T16:49:59 - [TEST_STEP][PASSED] - click(findTestObject("Object Repository/Cura Pages/CuraPage MakeAppointmentValidation OR/Page_CURA Healthcare Service/button_Login")): Object: 'Object Repository/Cura Pages/CuraPage MakeAppointmentValidation OR/Page_CURA Healthcare Service/button_Login' is clicked on

17-01-2024T16:50:00 - [MESSAGE][PASSED] - Object: 'Object Repository/Cura Pages/CuraPage MakeAppointmentValidation OR/Page_CURA Healthcare Service/button_Login' is clicked on

17-01-2024T16:50:00 - [TEST_STEP][PASSED] - verifyElementPresent(findTestObject("Dropdown/select_Tokyo CURA Healthcare Center                            Hongkong CURA Healthcare Center                            Seoul CURA Healthcare Center"), 10): Object 'Object Repository/Dropdown/select_Tokyo CURA Healthcare Center                            Hongkong CURA Healthcare Center                            Seoul CURA Healthcare Center' is present

17-01-2024T16:50:02 - [MESSAGE][PASSED] - Object 'Object Repository/Dropdown/select_Tokyo CURA Healthcare Center                            Hongkong CURA Healthcare Center                            Seoul CURA Healthcare Center' is present

17-01-2024T16:50:02 - [TEST_STEP][PASSED] - delay(2): Delayed 2 second(s)

17-01-2024T16:50:04 - [MESSAGE][PASSED] - Delayed 2 second(s)

17-01-2024T16:50:04 - [TEST_STEP][PASSED] - verifyElementPresent(findTestObject("radiobutton/input_Medicaid_programs"), 10): Object 'Object Repository/radiobutton/input_Medicaid_programs' is present

17-01-2024T16:50:05 - [MESSAGE][PASSED] - Object 'Object Repository/radiobutton/input_Medicaid_programs' is present

17-01-2024T16:50:05 - [TEST_STEP][PASSED] - isRadioButtonNotChecked = verifyElementNotChecked(findTestObject("radiobutton/input_Medicaid_programs"), 10): Object 'Object Repository/radiobutton/input_Medicaid_programs' is not checked

17-01-2024T16:50:05 - [MESSAGE][PASSED] - Object 'Object Repository/radiobutton/input_Medicaid_programs' is not checked

17-01-2024T16:50:05 - [TEST_STEP][PASSED] - if (isRadioButtonNotChecked): null

17-01-2024T16:50:05 - [TEST_STEP][PASSED] - println("Radio button is not checked"): null

17-01-2024T16:50:05 - [TEST_STEP][PASSED] - check(findTestObject("radiobutton/input_Medicaid_programs")): Object 'Object Repository/radiobutton/input_Medicaid_programs' is checked

17-01-2024T16:50:05 - [MESSAGE][PASSED] - Object 'Object Repository/radiobutton/input_Medicaid_programs' is checked

17-01-2024T16:50:05 - [TEST_STEP][PASSED] - println("Radio button checked"): null

17-01-2024T16:50:05 - [TEST_STEP][PASSED] - isRadioButtonChecked = verifyElementChecked(findTestObject("radiobutton/input_Medicaid_programs"), 0): Object 'Object Repository/radiobutton/input_Medicaid_programs' is checked

17-01-2024T16:50:05 - [MESSAGE][WARNING] - Timeout '0' is invalid. Using default page load timeout: '30'

17-01-2024T16:50:06 - [MESSAGE][PASSED] - Object 'Object Repository/radiobutton/input_Medicaid_programs' is checked

17-01-2024T16:50:06 - [TEST_STEP][PASSED] - if (isRadioButtonChecked): null

17-01-2024T16:50:06 - [TEST_STEP][PASSED] - uncheck(findTestObject("radiobutton/input_Medicaid_programs")): Object 'Object Repository/radiobutton/input_Medicaid_programs' is un-checked

17-01-2024T16:50:06 - [MESSAGE][PASSED] - Object 'Object Repository/radiobutton/input_Medicaid_programs' is un-checked

17-01-2024T16:50:06 - [TEST_STEP][PASSED] - println("Radio button was checked. Unchecking it."): null

17-01-2024T16:50:06 - [TEST_STEP][PASSED] - closeBrowser(): Browser is closed

17-01-2024T16:50:22 - [MESSAGE][PASSED] - Browser is closed

17-01-2024T16:50:22 - [TEST_STEP][PASSED] - Start tear down : tearDownTestCase: Method 'tearDownTestCase' complete successfully

17-01-2024T16:50:22 - [MESSAGE][PASSED] - Method 'tearDownTestCase' complete successfully

17-01-2024T16:50:22 - [TEST_STEP][PASSED] - Start listener action : afterTestCase: null]]></system-out>
         <system-err><![CDATA[]]></system-err>
      </testcase>
      <system-out><![CDATA[17-01-2024T16:49:05 - [TEST_SUITE][PASSED] - Cura_TestSuite_MakeAppointment_002: Test Cases/MakeAppointment/TC_CURA MakeAppointmentvalidation 002]]></system-out>
      <system-err><![CDATA[]]></system-err>
   </testsuite>
</testsuites>
