<?xml version="1.0" encoding="UTF-8"?>
<testsuites name="Cura_TestSuiteLogin_001" time="140.485" tests="1" failures="0" errors="0">
   <testsuite name="Cura_TestSuiteLogin_001" tests="1" failures="0" errors="0" time="140.485" skipped="0" timestamp="17-01-2024T21:42:29" hostname="ANTHONY DASS - DESKTOP-TGAH3CK" id="Test Suites/CURA_TestSuites/Cura_TestSuiteLogin_001">
      <properties>
         <property name="deviceName"/>
         <property name="devicePlatform" value="MAC"/>
         <property name="logFolder" value="C:\\Users\\ANTHONY DASS\\git\\SI-GuidedProject-705151-1705408479\\Reports\\20240117_214223\\CURA_TestSuites\\Cura_TestSuiteLogin_001\\20240117_214223"/>
         <property name="logFiles" value="C:\\Users\\ANTHONY DASS\\git\\SI-GuidedProject-705151-1705408479\\Reports\\20240117_214223\\CURA_TestSuites\\Cura_TestSuiteLogin_001\\20240117_214223\\execution0.log"/>
         <property name="attachments" value=""/>
         <property name="hostName" value="ANTHONY DASS - DESKTOP-TGAH3CK"/>
         <property name="remoteDriverUrl" value="testcloud.katalon.com/hub"/>
         <property name="desiredCapabilities" value="{&#xa;  &quot;timeouts&quot;: {&#xa;    &quot;implicit&quot;: 0,&#xa;    &quot;pageLoad&quot;: 300000,&#xa;    &quot;script&quot;: 30000&#xa;  },&#xa;  &quot;platform&quot;: &quot;MAC&quot;,&#xa;  &quot;goog:chromeOptions&quot;: {&#xa;    &quot;debuggerAddress&quot;: &quot;localhost:9225&quot;&#xa;  },&#xa;  &quot;requestId&quot;: &quot;5f8522cc-f6a0-4c94-80f8-0b9933d78584&quot;,&#xa;  &quot;webauthn:extension:credBlob&quot;: true,&#xa;  &quot;acceptInsecureCerts&quot;: false,&#xa;  &quot;browserVersion&quot;: &quot;119.0.0.0&quot;,&#xa;  &quot;fedcm:accounts&quot;: true,&#xa;  &quot;browserName&quot;: &quot;chrome&quot;,&#xa;  &quot;javascriptEnabled&quot;: true,&#xa;  &quot;katalon:option&quot;: {&#xa;    &quot;unlimitedExecutionMinutes&quot;: true,&#xa;    &quot;userId&quot;: 1419677,&#xa;    &quot;organizationId&quot;: &quot;1377089&quot;,&#xa;    &quot;class&quot;: &quot;com.katalon.testcloud.grid.common.tunnel.domain.UserOptionCapability&quot;,&#xa;    &quot;runFromTestCloud&quot;: true,&#xa;    &quot;usingTunnel&quot;: false&#xa;  },&#xa;  &quot;platformName&quot;: &quot;MAC&quot;,&#xa;  &quot;setWindowRect&quot;: true,&#xa;  &quot;webauthn:extension:largeBlob&quot;: true,&#xa;  &quot;networkConnectionEnabled&quot;: false,&#xa;  &quot;chrome&quot;: {&#xa;    &quot;chromedriverVersion&quot;: &quot;119.0.6045.9 (c7ec5863fa5c563b4b9057148aa2ae3f09f7994e-refs/branch-heads/6045@{#87})&quot;,&#xa;    &quot;userDataDir&quot;: &quot;/var/folders/xj/k2lg4t351tg9qf15lvzjdm2m0000gp/T/.org.chromium.Chromium.VuRwFG&quot;&#xa;  },&#xa;  &quot;os&quot;: &quot;macos&quot;,&#xa;  &quot;pageLoadStrategy&quot;: &quot;normal&quot;,&#xa;  &quot;unhandledPromptBehavior&quot;: &quot;dismiss and notify&quot;,&#xa;  &quot;strictFileInteractability&quot;: false,&#xa;  &quot;***:loadExtension&quot;: [&#xa;    &quot;https://prod-magicleap-user-files-us-east-1-v1.s3.amazonaws.com/extensions/orgId-691279/SmartWait.zip&quot;&#xa;  ],&#xa;  &quot;version&quot;: &quot;119&quot;,&#xa;  &quot;se:cdp&quot;: &quot;ws://172.48.62.105:4444/session/0c487bb5753bbea1df2560b0bf53e9f7/se/cdp&quot;,&#xa;  &quot;proxy&quot;: {&#xa;    &quot;proxyType&quot;: &quot;DIRECT&quot;,&#xa;    &quot;autodetect&quot;: false&#xa;  },&#xa;  &quot;webauthn:extension:minPinLength&quot;: true,&#xa;  &quot;webdriver.remote.sessionid&quot;: &quot;0c487bb5753bbea1df2560b0bf53e9f7&quot;,&#xa;  &quot;webauthn:extension:prf&quot;: true,&#xa;  &quot;webauthn:virtualAuthenticators&quot;: true&#xa;}"/>
         <property name="os" value="Windows 11 64bit"/>
         <property name="remoteOS" value="MacOS"/>
         <property name="katalonVersion" value="9.2.0.212"/>
         <property name="browser" value="Chrome 119.0.0.0"/>
         <property name="hostAddress" value="192.168.1.6"/>
         <property name="sessionId" value="0c487bb5753bbea1df2560b0bf53e9f7"/>
         <property name="seleniumVersion" value="3.141.59"/>
         <property name="proxyInformation" value="ProxyInformation { proxyOption=NO_PROXY, proxyServerType=HTTP, username=, password=********, proxyServerAddress=, proxyServerPort=0, executionList=&quot;&quot;, isApplyToDesiredCapabilities=true }"/>
         <property name="platform" value="Windows 11"/>
      </properties>
      <testcase name="Test Cases/Login/TC_CURA_Login_001" time="59.837" classname="Test Cases/Login/TC_CURA_Login_001" status="PASSED">
         <system-out><![CDATA[17-01-2024T21:43:50 - [TEST_CASE][PASSED] - Test Cases/Login/TC_CURA_Login_001: Test Cases/Login/TC_CURA_Login_001

17-01-2024T21:43:50 - [TEST_STEP][PASSED] - Start listener action : beforeTestCase: null

17-01-2024T21:43:50 - [TEST_STEP][PASSED] - Start setup action : setupTestCase: Method 'setupTestCase' complete successfully

17-01-2024T21:43:50 - [MESSAGE][PASSED] - Method 'setupTestCase' complete successfully

17-01-2024T21:43:50 - [TEST_STEP][PASSED] - openBrowser(""): Browser is opened with url: ''

17-01-2024T21:43:50 - [MESSAGE][WARNING] - A browser is already opened. Closing browser and opening a new one

17-01-2024T21:43:51 - [MESSAGE][INFO] - User set preference: ['os', 'macos']

17-01-2024T21:43:51 - [MESSAGE][INFO] - User set preference: ['browserName', 'chrome']

17-01-2024T21:43:51 - [MESSAGE][INFO] - User set preference: ['browserVersion', '119']

17-01-2024T21:43:51 - [MESSAGE][INFO] - User set preference: ['katalon:option', '{organizationId=1377089, tunnelId=, usingTunnel=false}']

17-01-2024T21:43:51 - [MESSAGE][INFO] - Connecting to remote web server 'testcloud.katalon.com/hub' with type 'Selenium'

17-01-2024T21:43:51 - [MESSAGE][INFO] - Action delay is set to 0 milliseconds

17-01-2024T21:44:29 - [MESSAGE][PASSED] - Browser is opened with url: ''

17-01-2024T21:44:29 - [TEST_STEP][PASSED] - navigateToUrl("https://katalon-demo-cura.herokuapp.com/"): Navigate to 'https://katalon-demo-cura.herokuapp.com/' successfully

17-01-2024T21:44:30 - [MESSAGE][PASSED] - Navigate to 'https://katalon-demo-cura.herokuapp.com/' successfully

17-01-2024T21:44:30 - [TEST_STEP][PASSED] - click(findTestObject("Object Repository/Cura Pages/CuraPage_Login_OR/Page_CURA Healthcare Service/i_fa fa-bars")): Object: 'Object Repository/Cura Pages/CuraPage_Login_OR/Page_CURA Healthcare Service/i_fa fa-bars' is clicked on

17-01-2024T21:44:33 - [MESSAGE][PASSED] - Object: 'Object Repository/Cura Pages/CuraPage_Login_OR/Page_CURA Healthcare Service/i_fa fa-bars' is clicked on

17-01-2024T21:44:33 - [TEST_STEP][PASSED] - click(findTestObject("Object Repository/Cura Pages/CuraPage_Login_OR/Page_CURA Healthcare Service/a_Login")): Object: 'Object Repository/Cura Pages/CuraPage_Login_OR/Page_CURA Healthcare Service/a_Login' is clicked on

17-01-2024T21:44:36 - [MESSAGE][PASSED] - Object: 'Object Repository/Cura Pages/CuraPage_Login_OR/Page_CURA Healthcare Service/a_Login' is clicked on

17-01-2024T21:44:36 - [TEST_STEP][PASSED] - setText(findTestObject("Object Repository/Cura Pages/CuraPage_Login_OR/Page_CURA Healthcare Service/input_username"), "John Doe"): Text 'John Doe' is set on object 'Object Repository/Cura Pages/CuraPage_Login_OR/Page_CURA Healthcare Service/input_username'

17-01-2024T21:44:42 - [MESSAGE][PASSED] - Text 'John Doe' is set on object 'Object Repository/Cura Pages/CuraPage_Login_OR/Page_CURA Healthcare Service/input_username'

17-01-2024T21:44:42 - [TEST_STEP][PASSED] - setEncryptedText(findTestObject("Object Repository/Cura Pages/CuraPage_Login_OR/Page_CURA Healthcare Service/input_password"), "g3/DOGG74jC3Flrr3yH+3D/yKbOqqUNM"): Text ****** has been set on object 'Object Repository/Cura Pages/CuraPage_Login_OR/Page_CURA Healthcare Service/input_password'

17-01-2024T21:44:46 - [MESSAGE][PASSED] - Text ****** has been set on object 'Object Repository/Cura Pages/CuraPage_Login_OR/Page_CURA Healthcare Service/input_password'

17-01-2024T21:44:46 - [TEST_STEP][PASSED] - click(findTestObject("Object Repository/Cura Pages/CuraPage_Login_OR/Page_CURA Healthcare Service/button_Login")): Object: 'Object Repository/Cura Pages/CuraPage_Login_OR/Page_CURA Healthcare Service/button_Login' is clicked on

17-01-2024T21:44:49 - [MESSAGE][PASSED] - Object: 'Object Repository/Cura Pages/CuraPage_Login_OR/Page_CURA Healthcare Service/button_Login' is clicked on

17-01-2024T21:44:49 - [TEST_STEP][PASSED] - closeBrowser(): Browser is closed

17-01-2024T21:44:50 - [MESSAGE][PASSED] - Browser is closed

17-01-2024T21:44:50 - [TEST_STEP][PASSED] - Start tear down : tearDownTestCase: Method 'tearDownTestCase' complete successfully

17-01-2024T21:44:50 - [MESSAGE][PASSED] - Method 'tearDownTestCase' complete successfully

17-01-2024T21:44:50 - [TEST_STEP][PASSED] - Start listener action : afterTestCase: null]]></system-out>
         <system-err><![CDATA[]]></system-err>
      </testcase>
      <system-out><![CDATA[17-01-2024T21:42:29 - [TEST_SUITE][PASSED] - Cura_TestSuiteLogin_001: Test Cases/Login/TC_CURA_Login_001]]></system-out>
      <system-err><![CDATA[]]></system-err>
   </testsuite>
</testsuites>
