<?xml version="1.0" encoding="UTF-8"?>
<testsuites name="Cura_TestSuite_MakeAppointment_002" time="20.889" tests="1" failures="0" errors="0">
   <testsuite name="Cura_TestSuite_MakeAppointment_002" tests="1" failures="0" errors="0" time="20.889" skipped="0" timestamp="16-01-2024T22:15:10" hostname="ANTHONY DASS - DESKTOP-TGAH3CK" id="Test Suites/CURA_TestSuites/Cura_TestSuite_MakeAppointment_002">
      <properties>
         <property name="deviceName" value=""/>
         <property name="devicePlatform" value=""/>
         <property name="logFolder" value="C:\\Users\\ANTHONY DASS\\Katalon Studio\\SmartInternz\\Reports\\20240116_221504\\CURA_TestSuites\\Cura_TestSuite_MakeAppointment_002\\20240116_221505"/>
         <property name="logFiles" value="C:\\Users\\ANTHONY DASS\\Katalon Studio\\SmartInternz\\Reports\\20240116_221504\\CURA_TestSuites\\Cura_TestSuite_MakeAppointment_002\\20240116_221505\\execution0.log"/>
         <property name="attachments" value=""/>
         <property name="hostName" value="ANTHONY DASS - DESKTOP-TGAH3CK"/>
         <property name="os" value="Windows 11 64bit"/>
         <property name="katalonVersion" value="9.2.0.212"/>
         <property name="browser" value="Chrome 120.0.0.0"/>
         <property name="hostAddress" value="192.168.1.6"/>
         <property name="sessionId" value="da9a02b295113f824b4bb33d991c3c31"/>
         <property name="seleniumVersion" value="3.141.59"/>
         <property name="proxyInformation" value="ProxyInformation { proxyOption=NO_PROXY, proxyServerType=HTTP, username=, password=********, proxyServerAddress=, proxyServerPort=0, executionList=&quot;&quot;, isApplyToDesiredCapabilities=true }"/>
         <property name="platform" value="Windows 11"/>
      </properties>
      <testcase name="Test Cases/MakeAppointment/TC_CURA MakeAppointmentvalidation 002" time="17.607" classname="Test Cases/MakeAppointment/TC_CURA MakeAppointmentvalidation 002" status="PASSED">
         <system-out><![CDATA[16-01-2024T22:15:14 - [TEST_CASE][PASSED] - Test Cases/MakeAppointment/TC_CURA MakeAppointmentvalidation 002: Test Cases/MakeAppointment/TC_CURA MakeAppointmentvalidation 002

16-01-2024T22:15:14 - [TEST_STEP][PASSED] - Start setup action : setupTestCase: Method 'setupTestCase' complete successfully

16-01-2024T22:15:14 - [MESSAGE][PASSED] - Method 'setupTestCase' complete successfully

16-01-2024T22:15:14 - [TEST_STEP][PASSED] - openBrowser(""): Browser is opened with url: ''

16-01-2024T22:15:14 - [MESSAGE][WARNING] - A browser is already opened. Closing browser and opening a new one

16-01-2024T22:15:14 - [MESSAGE][INFO] - Starting 'Chrome' driver

16-01-2024T22:15:14 - [MESSAGE][INFO] - Action delay is set to 0 milliseconds

16-01-2024T22:15:16 - [MESSAGE][PASSED] - Browser is opened with url: ''

16-01-2024T22:15:16 - [TEST_STEP][PASSED] - navigateToUrl("https://katalon-demo-cura.herokuapp.com/"): Navigate to 'https://katalon-demo-cura.herokuapp.com/' successfully

16-01-2024T22:15:21 - [MESSAGE][PASSED] - Navigate to 'https://katalon-demo-cura.herokuapp.com/' successfully

16-01-2024T22:15:21 - [TEST_STEP][PASSED] - click(findTestObject("Object Repository/Cura Pages/CuraPage MakeAppointmentValidation OR/Page_CURA Healthcare Service/a_Make Appointment")): Object: 'Object Repository/Cura Pages/CuraPage MakeAppointmentValidation OR/Page_CURA Healthcare Service/a_Make Appointment' is clicked on

16-01-2024T22:15:22 - [MESSAGE][PASSED] - Object: 'Object Repository/Cura Pages/CuraPage MakeAppointmentValidation OR/Page_CURA Healthcare Service/a_Make Appointment' is clicked on

16-01-2024T22:15:22 - [TEST_STEP][PASSED] - setText(findTestObject("Object Repository/Cura Pages/CuraPage MakeAppointmentValidation OR/Page_CURA Healthcare Service/input_username"), "John Doe"): Text 'John Doe' is set on object 'Object Repository/Cura Pages/CuraPage MakeAppointmentValidation OR/Page_CURA Healthcare Service/input_username'

16-01-2024T22:15:23 - [MESSAGE][PASSED] - Text 'John Doe' is set on object 'Object Repository/Cura Pages/CuraPage MakeAppointmentValidation OR/Page_CURA Healthcare Service/input_username'

16-01-2024T22:15:23 - [TEST_STEP][PASSED] - setEncryptedText(findTestObject("Object Repository/Cura Pages/CuraPage MakeAppointmentValidation OR/Page_CURA Healthcare Service/input_password"), "g3/DOGG74jC3Flrr3yH+3D/yKbOqqUNM"): Text ****** has been set on object 'Object Repository/Cura Pages/CuraPage MakeAppointmentValidation OR/Page_CURA Healthcare Service/input_password'

16-01-2024T22:15:24 - [MESSAGE][PASSED] - Text ****** has been set on object 'Object Repository/Cura Pages/CuraPage MakeAppointmentValidation OR/Page_CURA Healthcare Service/input_password'

16-01-2024T22:15:24 - [TEST_STEP][PASSED] - click(findTestObject("Object Repository/Cura Pages/CuraPage MakeAppointmentValidation OR/Page_CURA Healthcare Service/button_Login")): Object: 'Object Repository/Cura Pages/CuraPage MakeAppointmentValidation OR/Page_CURA Healthcare Service/button_Login' is clicked on

16-01-2024T22:15:25 - [MESSAGE][PASSED] - Object: 'Object Repository/Cura Pages/CuraPage MakeAppointmentValidation OR/Page_CURA Healthcare Service/button_Login' is clicked on

16-01-2024T22:15:25 - [TEST_STEP][PASSED] - verifyElementPresent(findTestObject("Dropdown/select_Tokyo CURA Healthcare Center                            Hongkong CURA Healthcare Center                            Seoul CURA Healthcare Center"), 10): Object 'Object Repository/Dropdown/select_Tokyo CURA Healthcare Center                            Hongkong CURA Healthcare Center                            Seoul CURA Healthcare Center' is present

16-01-2024T22:15:25 - [MESSAGE][PASSED] - Object 'Object Repository/Dropdown/select_Tokyo CURA Healthcare Center                            Hongkong CURA Healthcare Center                            Seoul CURA Healthcare Center' is present

16-01-2024T22:15:25 - [TEST_STEP][PASSED] - delay(2): Delayed 2 second(s)

16-01-2024T22:15:27 - [MESSAGE][PASSED] - Delayed 2 second(s)

16-01-2024T22:15:27 - [TEST_STEP][PASSED] - verifyElementPresent(findTestObject("radiobutton/input_Medicaid_programs"), 10): Object 'Object Repository/radiobutton/input_Medicaid_programs' is present

16-01-2024T22:15:28 - [MESSAGE][PASSED] - Object 'Object Repository/radiobutton/input_Medicaid_programs' is present

16-01-2024T22:15:28 - [TEST_STEP][PASSED] - isRadioButtonNotChecked = verifyElementNotChecked(findTestObject("radiobutton/input_Medicaid_programs"), 10): Object 'Object Repository/radiobutton/input_Medicaid_programs' is not checked

16-01-2024T22:15:28 - [MESSAGE][PASSED] - Object 'Object Repository/radiobutton/input_Medicaid_programs' is not checked

16-01-2024T22:15:28 - [TEST_STEP][PASSED] - if (isRadioButtonNotChecked): null

16-01-2024T22:15:28 - [TEST_STEP][PASSED] - println("Radio button is not checked"): null

16-01-2024T22:15:28 - [TEST_STEP][PASSED] - check(findTestObject("radiobutton/input_Medicaid_programs")): Object 'Object Repository/radiobutton/input_Medicaid_programs' is checked

16-01-2024T22:15:28 - [MESSAGE][PASSED] - Object 'Object Repository/radiobutton/input_Medicaid_programs' is checked

16-01-2024T22:15:28 - [TEST_STEP][PASSED] - println("Radio button checked"): null

16-01-2024T22:15:28 - [TEST_STEP][PASSED] - isRadioButtonChecked = verifyElementChecked(findTestObject("radiobutton/input_Medicaid_programs"), 0): Object 'Object Repository/radiobutton/input_Medicaid_programs' is checked

16-01-2024T22:15:28 - [MESSAGE][WARNING] - Timeout '0' is invalid. Using default page load timeout: '30'

16-01-2024T22:15:29 - [MESSAGE][PASSED] - Object 'Object Repository/radiobutton/input_Medicaid_programs' is checked

16-01-2024T22:15:29 - [TEST_STEP][PASSED] - if (isRadioButtonChecked): null

16-01-2024T22:15:29 - [TEST_STEP][PASSED] - uncheck(findTestObject("radiobutton/input_Medicaid_programs")): Object 'Object Repository/radiobutton/input_Medicaid_programs' is un-checked

16-01-2024T22:15:29 - [MESSAGE][PASSED] - Object 'Object Repository/radiobutton/input_Medicaid_programs' is un-checked

16-01-2024T22:15:29 - [TEST_STEP][PASSED] - println("Radio button was checked. Unchecking it."): null

16-01-2024T22:15:29 - [TEST_STEP][PASSED] - closeBrowser(): Browser is closed

16-01-2024T22:15:31 - [MESSAGE][PASSED] - Browser is closed

16-01-2024T22:15:31 - [TEST_STEP][PASSED] - Start tear down : tearDownTestCase: Method 'tearDownTestCase' complete successfully

16-01-2024T22:15:31 - [MESSAGE][PASSED] - Method 'tearDownTestCase' complete successfully]]></system-out>
         <system-err><![CDATA[]]></system-err>
      </testcase>
      <system-out><![CDATA[16-01-2024T22:15:10 - [TEST_SUITE][PASSED] - Cura_TestSuite_MakeAppointment_002: Test Cases/MakeAppointment/TC_CURA MakeAppointmentvalidation 002]]></system-out>
      <system-err><![CDATA[]]></system-err>
   </testsuite>
</testsuites>
